{
  "RSpec": {
    "coverage": {
      "/home/ubuntu/workspace/LPP_T_10_P11/lib/quiz.rb": [
        1,
        1,
        1
      ],
      "/home/ubuntu/workspace/LPP_T_10_P11/lib/quiz/quiz.rb": [
        null,
        1,
        null,
        1,
        1,
        1,
        null,
        null,
        null,
        1,
        1,
        1,
        1,
        1,
        null,
        null,
        null,
        null,
        1,
        2,
        2,
        2,
        null,
        null,
        null,
        1,
        1,
        1,
        2,
        null,
        1,
        null,
        null,
        null,
        1,
        4,
        4,
        null,
        null,
        null,
        1,
        2,
        2,
        null,
        null,
        null,
        1,
        0,
        0,
        0,
        0,
        0,
        null,
        null,
        0,
        null,
        null,
        null,
        null,
        null,
        null,
        null,
        null,
        null,
        null,
        null
      ],
      "/home/ubuntu/workspace/LPP_T_10_P11/lib/quiz/answer.rb": [
        null,
        1,
        null,
        null,
        1,
        null,
        null,
        1,
        6,
        6,
        6,
        null,
        null,
        null,
        1,
        6,
        6,
        null,
        null,
        null,
        1,
        0,
        0,
        null,
        0,
        null,
        null,
        null,
        null,
        null,
        null,
        null,
        null,
        null,
        null
      ],
      "/home/ubuntu/workspace/LPP_T_10_P11/lib/quiz/question.rb": [
        null,
        1,
        null,
        null,
        1,
        null,
        null,
        null,
        1,
        2,
        2,
        2,
        6,
        6,
        null,
        null,
        null,
        null,
        1,
        2,
        2,
        6,
        null,
        2,
        2,
        null,
        null,
        null,
        1,
        0,
        0,
        0,
        0,
        null,
        null,
        null,
        null,
        null,
        null,
        null,
        null,
        null,
        null,
        null
      ]
    },
    "timestamp": 1418339157
  }
}
